{"numTotalTestSuites":243,"numPassedTestSuites":237,"numFailedTestSuites":6,"numPendingTestSuites":0,"numTotalTests":451,"numPassedTests":448,"numFailedTests":3,"numPendingTests":0,"numTodoTests":0,"snapshot":{"added":0,"failure":false,"filesAdded":0,"filesRemoved":0,"filesRemovedList":[],"filesUnmatched":0,"filesUpdated":0,"matched":0,"total":0,"unchecked":0,"uncheckedKeysByFile":[],"unmatched":0,"updated":0,"didUpdate":false},"startTime":1781044464935,"success":false,"testResults":[{"assertionResults":[{"ancestorTitles":["cash expense entity persistence"],"fullName":"cash expense entity persistence incremental persist writes cashExpense bucket","status":"passed","title":"incremental persist writes cashExpense bucket","duration":4.348999999999933,"failureMessages":[],"meta":{}},{"ancestorTitles":["cash expense entity persistence"],"fullName":"cash expense entity persistence entity store migrates and assembles cashExpenses","status":"passed","title":"entity store migrates and assembles cashExpenses","duration":0.9864000000000033,"failureMessages":[],"meta":{}},{"ancestorTitles":["cash expense entity persistence"],"fullName":"cash expense entity persistence entity bootstrap hydrates cashExpenses from bucket","status":"passed","title":"entity bootstrap hydrates cashExpenses from bucket","duration":1.7572000000000116,"failureMessages":[],"meta":{}}],"startTime":1781044481594,"endTime":1781044481600.757,"status":"passed","message":"","name":"C:/Projects/pos-waka/src/offline/cashExpenseEntityPersist.test.ts"},{"assertionResults":[{"ancestorTitles":["businessTypeVisibility"],"fullName":"businessTypeVisibility shows standard (non-experimental) types when defaults are enabled","status":"passed","title":"shows standard (non-experimental) types when defaults are enabled","duration":4.065500000000043,"failureMessages":[],"meta":{}},{"ancestorTitles":["businessTypeVisibility"],"fullName":"businessTypeVisibility shows hardware and electronics on onboarding only when explicitly enabled","status":"passed","title":"shows hardware and electronics on onboarding only when explicitly enabled","duration":0.9500999999999067,"failureMessages":[],"meta":{}},{"ancestorTitles":["businessTypeVisibility"],"fullName":"businessTypeVisibility hides disabled types from normal users","status":"passed","title":"hides disabled types from normal users","duration":0.9026000000000067,"failureMessages":[],"meta":{}},{"ancestorTitles":["businessTypeVisibility"],"fullName":"businessTypeVisibility lets super admin see disabled types","status":"passed","title":"lets super admin see disabled types","duration":0.643100000000004,"failureMessages":[],"meta":{}},{"ancestorTitles":["businessTypeVisibility"],"fullName":"businessTypeVisibility shows experimental types to super admin even when experimental section flag is off","status":"passed","title":"shows experimental types to super admin even when experimental section flag is off","duration":0.40980000000001837,"failureMessages":[],"meta":{}}],"startTime":1781044483255,"endTime":1781044483262.41,"status":"passed","message":"","name":"C:/Projects/pos-waka/src/config/businessTypeVisibility.test.ts"},{"assertionResults":[{"ancestorTitles":["hospitality onboarding"],"fullName":"hospitality onboarding shows one hospitality group card on shop onboarding","status":"passed","title":"shows one hospitality group card on shop onboarding","duration":4.924800000000005,"failureMessages":[],"meta":{}},{"ancestorTitles":["hospitality onboarding"],"fullName":"hospitality onboarding maps café style to restaurant business_type","status":"passed","title":"maps café style to restaurant business_type","duration":0.9621000000000777,"failureMessages":[],"meta":{}},{"ancestorTitles":["hospitality onboarding"],"fullName":"hospitality onboarding resolves style ids for existing hospitality shops","status":"passed","title":"resolves style ids for existing hospitality shops","duration":0.7708000000000084,"failureMessages":[],"meta":{}},{"ancestorTitles":["hospitality onboarding"],"fullName":"hospitality onboarding lists five subtype options","status":"passed","title":"lists five subtype options","duration":1.7527999999999793,"failureMessages":[],"meta":{}},{"ancestorTitles":["hospitality onboarding"],"fullName":"hospitality onboarding detects hospitality group card id","status":"passed","title":"detects hospitality group card id","duration":0.7179999999999609,"failureMessages":[],"meta":{}}],"startTime":1781044482321,"endTime":1781044482330.718,"status":"passed","message":"","name":"C:/Projects/pos-waka/src/config/hospitalityOnboarding.test.ts"},{"assertionResults":[{"ancestorTitles":["seoRoutes"],"fullName":"seoRoutes normalizes trailing slashes","status":"passed","title":"normalizes trailing slashes","duration":2.699299999999994,"failureMessages":[],"meta":{}},{"ancestorTitles":["seoRoutes"],"fullName":"seoRoutes indexes marketing and legal paths only","status":"passed","title":"indexes marketing and legal paths only","duration":1.1426999999999907,"failureMessages":[],"meta":{}},{"ancestorTitles":["seoRoutes"],"fullName":"seoRoutes returns route-specific noindex titles","status":"passed","title":"returns route-specific noindex titles","duration":0.5077999999999747,"failureMessages":[],"meta":{}}],"startTime":1781044483397,"endTime":1781044483401.5078,"status":"passed","message":"","name":"C:/Projects/pos-waka/src/config/seoRoutes.test.ts"},{"assertionResults":[{"ancestorTitles":["autoSync backoff"],"fullName":"autoSync backoff doubles backoff up to cap","status":"passed","title":"doubles backoff up to cap","duration":3.9245999999998276,"failureMessages":[],"meta":{}},{"ancestorTitles":["autoSync backoff"],"fullName":"autoSync backoff waits until backoff elapsed before retry","status":"passed","title":"waits until backoff elapsed before retry","duration":2.653400000000147,"failureMessages":[],"meta":{}},{"ancestorTitles":["autoSync backoff"],"fullName":"autoSync backoff marks degraded queue after repeated failures","status":"passed","title":"marks degraded queue after repeated failures","duration":0.7153999999998177,"failureMessages":[],"meta":{}},{"ancestorTitles":["autoSync backoff"],"fullName":"autoSync backoff marks backing_off when ops wait for retry window","status":"passed","title":"marks backing_off when ops wait for retry window","duration":0.5348000000001321,"failureMessages":[],"meta":{}},{"ancestorTitles":["offline duration label"],"fullName":"offline duration label formats minutes and hours","status":"passed","title":"formats minutes and hours","duration":0.8346999999998843,"failureMessages":[],"meta":{}},{"ancestorTitles":["auto sync reconnect scenario"],"fullName":"auto sync reconnect scenario uses short reconnect delay for immediate automatic sync","status":"passed","title":"uses short reconnect delay for immediate automatic sync","duration":0.5551000000000386,"failureMessages":[],"meta":{}},{"ancestorTitles":["debt payment offline queue"],"fullName":"debt payment offline queue customer ops bucket as other pending work","status":"passed","title":"customer ops bucket as other pending work","duration":0.4760999999998603,"failureMessages":[],"meta":{}},{"ancestorTitles":["app restart with pending queue"],"fullName":"app restart with pending queue retries ops without lastAttemptAt immediately","status":"passed","title":"retries ops without lastAttemptAt immediately","duration":0.3309999999999036,"failureMessages":[],"meta":{}},{"ancestorTitles":["sale offline → online auto upload (integration shape)"],"fullName":"sale offline → online auto upload (integration shape) pending sale flag is included in sync work detection","status":"failed","title":"pending sale flag is included in sync work detection","duration":6179.0798,"failureMessages":["Error: STACK_TRACE_ERROR\n    at task (file:///C:/Projects/pos-waka/node_modules/@vitest/runner/dist/chunk-hooks.js:638:27)\n    at Object.<anonymous> (file:///C:/Projects/pos-waka/node_modules/@vitest/runner/dist/chunk-hooks.js:662:16)\n    at Object.<anonymous> (file:///C:/Projects/pos-waka/node_modules/@vitest/runner/dist/chunk-hooks.js:458:28)\n    at chain (file:///C:/Projects/pos-waka/node_modules/@vitest/runner/dist/chunk-hooks.js:369:14)\n    at C:\\Projects\\pos-waka\\src\\lib\\autoSync.test.ts:82:3\n    at file:///C:/Projects/pos-waka/node_modules/@vitest/runner/dist/chunk-hooks.js:734:40\n    at runWithSuite (file:///C:/Projects/pos-waka/node_modules/@vitest/runner/dist/chunk-hooks.js:1849:8)\n    at Object.collect (file:///C:/Projects/pos-waka/node_modules/@vitest/runner/dist/chunk-hooks.js:734:10)\n    at Object.collect (file:///C:/Projects/pos-waka/node_modules/@vitest/runner/dist/chunk-hooks.js:738:54)\n    at processTicksAndRejections (node:internal/process/task_queues:104:5)\n    at collectTests (file:///C:/Projects/pos-waka/node_modules/@vitest/runner/dist/chunk-hooks.js:1179:25)\n    at startTests (file:///C:/Projects/pos-waka/node_modules/@vitest/runner/dist/chunk-hooks.js:1817:17)\n    at file:///C:/Projects/pos-waka/node_modules/vitest/dist/chunks/runBaseTests.9Ij9_de-.js:117:26\n    at withEnv (file:///C:/Projects/pos-waka/node_modules/vitest/dist/chunks/runBaseTests.9Ij9_de-.js:84:3)\n    at run (file:///C:/Projects/pos-waka/node_modules/vitest/dist/chunks/runBaseTests.9Ij9_de-.js:109:2)"],"meta":{}}],"startTime":1781044466999,"endTime":1781044473189.0798,"status":"failed","message":"","name":"C:/Projects/pos-waka/src/lib/autoSync.test.ts"},{"assertionResults":[{"ancestorTitles":["attributeSalePaymentBuckets"],"fullName":"attributeSalePaymentBuckets splits credit and cash on partial pay sale","status":"passed","title":"splits credit and cash on partial pay sale","duration":5.161100000000033,"failureMessages":[],"meta":{}},{"ancestorTitles":["allocateSaleLineRevenueUgx"],"fullName":"allocateSaleLineRevenueUgx allocates cart discount proportionally across lines","status":"passed","title":"allocates cart discount proportionally across lines","duration":1.3778999999999542,"failureMessages":[],"meta":{}},{"ancestorTitles":["buildCashPositionReport"],"fullName":"buildCashPositionReport builds today summary, payments, cash position, categories, and cashiers","status":"passed","title":"builds today summary, payments, cash position, categories, and cashiers","duration":60.93269999999984,"failureMessages":[],"meta":{}},{"ancestorTitles":["buildCashPositionReport"],"fullName":"buildCashPositionReport exposes refunds in cash position section","status":"passed","title":"exposes refunds in cash position section","duration":3.1515999999999167,"failureMessages":[],"meta":{}},{"ancestorTitles":["buildCashPositionReport"],"fullName":"buildCashPositionReport category totals equal total sales when cart discount applied","status":"passed","title":"category totals equal total sales when cart discount applied","duration":1.5871999999999389,"failureMessages":[],"meta":{}},{"ancestorTitles":["buildCashPositionReport"],"fullName":"buildCashPositionReport shows payment adjustment for cross-day returns","status":"passed","title":"shows payment adjustment for cross-day returns","duration":10.71569999999997,"failureMessages":[],"meta":{}},{"ancestorTitles":["buildCashPositionReport"],"fullName":"buildCashPositionReport uses stable cashier ids and labels deleted staff","status":"passed","title":"uses stable cashier ids and labels deleted staff","duration":11.403600000000097,"failureMessages":[],"meta":{}},{"ancestorTitles":["cashPositionVariance"],"fullName":"cashPositionVariance classifies balanced, shortage, and excess","status":"passed","title":"classifies balanced, shortage, and excess","duration":0.6395999999999731,"failureMessages":[],"meta":{}},{"ancestorTitles":["cashPosition exports"],"fullName":"cashPosition exports includes refunds, adjustment, and reconciliation totals","status":"passed","title":"includes refunds, adjustment, and reconciliation totals","duration":11.723900000000185,"failureMessages":[],"meta":{}},{"ancestorTitles":["cash position performance"],"fullName":"cash position performance builds 1,000-sale report under threshold","status":"passed","title":"builds 1,000-sale report under threshold","duration":7.4220000000000255,"failureMessages":[],"meta":{}},{"ancestorTitles":["cash position performance"],"fullName":"cash position performance builds 10,000-sale report under threshold","status":"passed","title":"builds 10,000-sale report under threshold","duration":45.43959999999993,"failureMessages":[],"meta":{}}],"startTime":1781044471260,"endTime":1781044471422.4397,"status":"passed","message":"","name":"C:/Projects/pos-waka/src/lib/cashPosition.test.ts"},{"assertionResults":[{"ancestorTitles":["cash position — Close Day consistency"],"fullName":"cash position — Close Day consistency expected cash and revenue match getDrawerCashForDayInput","status":"passed","title":"expected cash and revenue match getDrawerCashForDayInput","duration":55.98860000000002,"failureMessages":[],"meta":{}}],"startTime":1781044474171,"endTime":1781044474226.9885,"status":"passed","message":"","name":"C:/Projects/pos-waka/src/lib/cashPositionConsistency.test.ts"},{"assertionResults":[{"ancestorTitles":["debt cash reconciliation"],"fullName":"debt cash reconciliation sumDebtPaymentsOnDay totals payments on Kampala day","status":"passed","title":"sumDebtPaymentsOnDay totals payments on Kampala day","duration":67.70830000000001,"failureMessages":[],"meta":{}},{"ancestorTitles":["debt cash reconciliation"],"fullName":"debt cash reconciliation getDrawerCashForDay includes debt payments in expected drawer cash","status":"passed","title":"getDrawerCashForDay includes debt payments in expected drawer cash","duration":5.255899999999997,"failureMessages":[],"meta":{}},{"ancestorTitles":["debt cash reconciliation"],"fullName":"debt cash reconciliation refunds reduce expected drawer cash","status":"passed","title":"refunds reduce expected drawer cash","duration":3.5208000000000084,"failureMessages":[],"meta":{}},{"ancestorTitles":["debt cash reconciliation"],"fullName":"debt cash reconciliation shift expected cash includes debt payments collected","status":"passed","title":"shift expected cash includes debt payments collected","duration":1.3308999999999287,"failureMessages":[],"meta":{}},{"ancestorTitles":["debt cash reconciliation"],"fullName":"debt cash reconciliation sumDebtPaymentsDuringShift respects shift window","status":"passed","title":"sumDebtPaymentsDuringShift respects shift window","duration":0.9710000000000036,"failureMessages":[],"meta":{}},{"ancestorTitles":["debt cash reconciliation"],"fullName":"debt cash reconciliation pending sales do not inflate drawer cash","status":"passed","title":"pending sales do not inflate drawer cash","duration":0.8455000000000155,"failureMessages":[],"meta":{}}],"startTime":1781044473126,"endTime":1781044473205.8455,"status":"passed","message":"","name":"C:/Projects/pos-waka/src/lib/cashReconciliation.test.ts"},{"assertionResults":[{"ancestorTitles":["return policy"],"fullName":"return policy cashier cannot perform unlinked return","status":"passed","title":"cashier cannot perform unlinked return","duration":3.414500000000089,"failureMessages":[],"meta":{}},{"ancestorTitles":["return policy"],"fullName":"return policy manager unlinked requires note","status":"passed","title":"manager unlinked requires note","duration":0.5402000000001408,"failureMessages":[],"meta":{}},{"ancestorTitles":["completed sale financial merge"],"fullName":"completed sale financial merge prefers sale with more adjustments (lower total)","status":"passed","title":"prefers sale with more adjustments (lower total)","duration":0.6664999999998145,"failureMessages":[],"meta":{}},{"ancestorTitles":["completed sale financial merge"],"fullName":"completed sale financial merge remote newer timestamp does not raise completed totalUgx","status":"passed","title":"remote newer timestamp does not raise completed totalUgx","duration":1.4120000000000346,"failureMessages":[],"meta":{}},{"ancestorTitles":["completed sale financial merge"],"fullName":"completed sale financial merge merges voided line flags from remote","status":"passed","title":"merges voided line flags from remote","duration":0.4999000000000251,"failureMessages":[],"meta":{}},{"ancestorTitles":["audit retention"],"fullName":"audit retention warns at 4000 entries","status":"passed","title":"warns at 4000 entries","duration":2.186100000000124,"failureMessages":[],"meta":{}}],"startTime":1781044477439,"endTime":1781044477448.186,"status":"passed","message":"","name":"C:/Projects/pos-waka/src/lib/certificationClosure.test.ts"},{"assertionResults":[{"ancestorTitles":["computeExpectedCustomerDebt"],"fullName":"computeExpectedCustomerDebt credit sale minus payment matches stored balance","status":"passed","title":"credit sale minus payment matches stored balance","duration":5.197699999999941,"failureMessages":[],"meta":{}},{"ancestorTitles":["computeExpectedCustomerDebt"],"fullName":"computeExpectedCustomerDebt full lifecycle: credit, payment, void stays balanced","status":"passed","title":"full lifecycle: credit, payment, void stays balanced","duration":4.269399999999905,"failureMessages":[],"meta":{}},{"ancestorTitles":["computeExpectedCustomerDebt"],"fullName":"computeExpectedCustomerDebt detects drift when balance not adjusted after void","status":"passed","title":"detects drift when balance not adjusted after void","duration":1.1391000000000986,"failureMessages":[],"meta":{}},{"ancestorTitles":["computeExpectedCustomerDebt"],"fullName":"computeExpectedCustomerDebt pending sales do not affect expected debt","status":"passed","title":"pending sales do not affect expected debt","duration":0.6195000000000164,"failureMessages":[],"meta":{}},{"ancestorTitles":["computeExpectedCustomerDebt"],"fullName":"computeExpectedCustomerDebt mixed cash+debt return reduces expected debt correctly","status":"passed","title":"mixed cash+debt return reduces expected debt correctly","duration":0.9093000000000302,"failureMessages":[],"meta":{}},{"ancestorTitles":["computeExpectedCustomerDebt"],"fullName":"computeExpectedCustomerDebt multiple credit sales aggregate correctly","status":"passed","title":"multiple credit sales aggregate correctly","duration":0.735300000000052,"failureMessages":[],"meta":{}},{"ancestorTitles":["day close uses completed-sale filter"],"fullName":"day close uses completed-sale filter recordDayClose totals match getCompletedFinancials for the day","status":"passed","title":"recordDayClose totals match getCompletedFinancials for the day","duration":50.76260000000002,"failureMessages":[],"meta":{}}],"startTime":1781044469508,"endTime":1781044469572.7627,"status":"passed","message":"","name":"C:/Projects/pos-waka/src/lib/customerDebt.test.ts"},{"assertionResults":[{"ancestorTitles":["resolveDateFilterBounds — calendar week"],"fullName":"resolveDateFilterBounds — calendar week this_week runs Monday through today in Kampala","status":"passed","title":"this_week runs Monday through today in Kampala","duration":75.32669999999996,"failureMessages":[],"meta":{}},{"ancestorTitles":["resolveDateFilterBounds — calendar week"],"fullName":"resolveDateFilterBounds — calendar week today is a single day","status":"passed","title":"today is a single day","duration":2.7107999999999493,"failureMessages":[],"meta":{}},{"ancestorTitles":["resolveDateFilterBounds — calendar week"],"fullName":"resolveDateFilterBounds — calendar week custom day filter","status":"passed","title":"custom day filter","duration":1.130100000000084,"failureMessages":[],"meta":{}},{"ancestorTitles":["resolveDateFilterBounds — calendar week"],"fullName":"resolveDateFilterBounds — calendar week this_month starts on first of month","status":"passed","title":"this_month starts on first of month","duration":1.899000000000001,"failureMessages":[],"meta":{}},{"ancestorTitles":["week consistency across surfaces"],"fullName":"week consistency across surfaces Receipts week total = Profit week total = Reports week total","status":"passed","title":"Receipts week total = Profit week total = Reports week total","duration":71.45169999999996,"failureMessages":[],"meta":{}},{"ancestorTitles":["week consistency across surfaces"],"fullName":"week consistency across surfaces legacy saleMatchesReceiptRange week matches calendar week","status":"passed","title":"legacy saleMatchesReceiptRange week matches calendar week","duration":8.343500000000063,"failureMessages":[],"meta":{}},{"ancestorTitles":["today and month filters"],"fullName":"today and month filters month filter daily trend spans calendar month days, not current week","status":"passed","title":"month filter daily trend spans calendar month days, not current week","duration":93.1058999999999,"failureMessages":[],"meta":{}},{"ancestorTitles":["today and month filters"],"fullName":"today and month filters today filter matches one Kampala day","status":"passed","title":"today filter matches one Kampala day","duration":4.348600000000033,"failureMessages":[],"meta":{}},{"ancestorTitles":["Kampala timezone edge"],"fullName":"Kampala timezone edge saleReportingDayKey uses Kampala calendar day","status":"passed","title":"saleReportingDayKey uses Kampala calendar day","duration":1.2542999999999438,"failureMessages":[],"meta":{}},{"ancestorTitles":["archive boundary"],"fullName":"archive boundary flags ranges older than active sales memory window","status":"passed","title":"flags ranges older than active sales memory window","duration":5.558300000000031,"failureMessages":[],"meta":{}}],"startTime":1781044472298,"endTime":1781044472565.5583,"status":"passed","message":"","name":"C:/Projects/pos-waka/src/lib/dateFilters.test.ts"},{"assertionResults":[{"ancestorTitles":["dayClosePdf"],"fullName":"dayClosePdf builds snapshot metadata","status":"passed","title":"builds snapshot metadata","duration":4.26949999999988,"failureMessages":[],"meta":{}},{"ancestorTitles":["dayClosePdf"],"fullName":"dayClosePdf builds day close PDF blob","status":"passed","title":"builds day close PDF blob","duration":194.08140000000003,"failureMessages":[],"meta":{}}],"startTime":1781044467792,"endTime":1781044467991.0813,"status":"passed","message":"","name":"C:/Projects/pos-waka/src/lib/dayClosePdf.test.ts"},{"assertionResults":[{"ancestorTitles":["resolveDebtorForSale"],"fullName":"resolveDebtorForSale succeeds with existing customer id","status":"passed","title":"succeeds with existing customer id","duration":4.13989999999967,"failureMessages":[],"meta":{}},{"ancestorTitles":["resolveDebtorForSale"],"fullName":"resolveDebtorForSale creates customer when name entered without selection","status":"passed","title":"creates customer when name entered without selection","duration":6.590200000000095,"failureMessages":[],"meta":{}},{"ancestorTitles":["resolveDebtorForSale"],"fullName":"resolveDebtorForSale keeps phone optional on auto-create","status":"passed","title":"keeps phone optional on auto-create","duration":0.47519999999985885,"failureMessages":[],"meta":{}},{"ancestorTitles":["resolveDebtorForSale"],"fullName":"resolveDebtorForSale fails when debt would have no id or name","status":"passed","title":"fails when debt would have no id or name","duration":0.4901999999997315,"failureMessages":[],"meta":{}},{"ancestorTitles":["buildCreditActivityTimeline"],"fullName":"buildCreditActivityTimeline lists credit sales and repayments newest first","status":"passed","title":"lists credit sales and repayments newest first","duration":1.2505000000001019,"failureMessages":[],"meta":{}},{"ancestorTitles":["findOrphanDebtSales"],"fullName":"findOrphanDebtSales detects legacy sales with debt but no customer","status":"passed","title":"detects legacy sales with debt but no customer","duration":1.7287999999998647,"failureMessages":[],"meta":{}},{"ancestorTitles":["usePosStore finalizeDraftSale — debt identity"],"fullName":"usePosStore finalizeDraftSale — debt identity debt with existing customer succeeds and updates balance","status":"passed","title":"debt with existing customer succeeds and updates balance","duration":60.33570000000009,"failureMessages":[],"meta":{}},{"ancestorTitles":["usePosStore finalizeDraftSale — debt identity"],"fullName":"usePosStore finalizeDraftSale — debt identity debt with name auto-creates customer","status":"passed","title":"debt with name auto-creates customer","duration":5.039700000000266,"failureMessages":[],"meta":{}},{"ancestorTitles":["usePosStore finalizeDraftSale — debt identity"],"fullName":"usePosStore finalizeDraftSale — debt identity debt without name or customer fails at store","status":"passed","title":"debt without name or customer fails at store","duration":1.3117999999999483,"failureMessages":[],"meta":{}},{"ancestorTitles":["usePosStore finalizeDraftSale — debt identity"],"fullName":"usePosStore finalizeDraftSale — debt identity cash sale without customer still succeeds","status":"passed","title":"cash sale without customer still succeeds","duration":3.0047999999997046,"failureMessages":[],"meta":{}}],"startTime":1781044477404,"endTime":1781044477489.005,"status":"passed","message":"","name":"C:/Projects/pos-waka/src/lib/debtWorkflow.test.ts"},{"assertionResults":[{"ancestorTitles":["disconnect persistence simulation"],"fullName":"disconnect persistence simulation disconnect survives heartbeat","status":"passed","title":"disconnect survives heartbeat","duration":3.4873000000000047,"failureMessages":[],"meta":{}},{"ancestorTitles":["disconnect persistence simulation"],"fullName":"disconnect persistence simulation disconnect survives sync startup","status":"passed","title":"disconnect survives sync startup","duration":0.7374999999999545,"failureMessages":[],"meta":{}},{"ancestorTitles":["disconnect persistence simulation"],"fullName":"disconnect persistence simulation disconnect survives app restart","status":"passed","title":"disconnect survives app restart","duration":0.4438999999999851,"failureMessages":[],"meta":{}},{"ancestorTitles":["disconnect persistence simulation"],"fullName":"disconnect persistence simulation fresh login reactivates disconnected device","status":"passed","title":"fresh login reactivates disconnected device","duration":0.9021999999999935,"failureMessages":[],"meta":{}},{"ancestorTitles":["disconnect persistence simulation"],"fullName":"disconnect persistence simulation active heartbeat still works","status":"passed","title":"active heartbeat still works","duration":0.4339999999999691,"failureMessages":[],"meta":{}}],"startTime":1781044482588,"endTime":1781044482594.434,"status":"passed","message":"","name":"C:/Projects/pos-waka/src/lib/deviceLifecycle.persistence.test.ts"},{"assertionResults":[{"ancestorTitles":["normalizeShopDeviceStatus"],"fullName":"normalizeShopDeviceStatus defaults unknown to active","status":"passed","title":"defaults unknown to active","duration":3.0474000000000387,"failureMessages":[],"meta":{}},{"ancestorTitles":["heartbeatPolicy"],"fullName":"heartbeatPolicy accepts new and active devices","status":"passed","title":"accepts new and active devices","duration":0.7549000000000206,"failureMessages":[],"meta":{}},{"ancestorTitles":["heartbeatPolicy"],"fullName":"heartbeatPolicy rejects disconnected and revoked (survives heartbeat)","status":"passed","title":"rejects disconnected and revoked (survives heartbeat)","duration":0.5874000000000024,"failureMessages":[],"meta":{}},{"ancestorTitles":["loginRegistrationPolicy"],"fullName":"loginRegistrationPolicy reactivates disconnected on login","status":"passed","title":"reactivates disconnected on login","duration":0.6089000000000624,"failureMessages":[],"meta":{}},{"ancestorTitles":["loginRegistrationPolicy"],"fullName":"loginRegistrationPolicy rejects revoked on login","status":"passed","title":"rejects revoked on login","duration":0.5117000000000189,"failureMessages":[],"meta":{}},{"ancestorTitles":["loginRegistrationPolicy"],"fullName":"loginRegistrationPolicy inserts new devices","status":"passed","title":"inserts new devices","duration":0.5989999999999327,"failureMessages":[],"meta":{}},{"ancestorTitles":["loginRegistrationPolicy"],"fullName":"loginRegistrationPolicy touches active without reactivation semantics","status":"passed","title":"touches active without reactivation semantics","duration":0.43659999999999854,"failureMessages":[],"meta":{}},{"ancestorTitles":["isActiveDeviceStatus"],"fullName":"isActiveDeviceStatus counts usage for active only","status":"passed","title":"counts usage for active only","duration":0.5249000000000024,"failureMessages":[],"meta":{}}],"startTime":1781044479946,"endTime":1781044479954.525,"status":"passed","message":"","name":"C:/Projects/pos-waka/src/lib/deviceLifecycle.test.ts"},{"assertionResults":[{"ancestorTitles":["owner replacement flow"],"fullName":"owner replacement flow allows activation after owner frees a slot","status":"passed","title":"allows activation after owner frees a slot","duration":4.0277999999999565,"failureMessages":[],"meta":{}},{"ancestorTitles":["cashier blocked flow"],"fullName":"cashier blocked flow same limit gate applies regardless of role (UI differs)","status":"passed","title":"same limit gate applies regardless of role (UI differs)","duration":0.5195999999999685,"failureMessages":[],"meta":{}},{"ancestorTitles":["existing active device bypass"],"fullName":"existing active device bypass login policy touch_active when already active","status":"passed","title":"login policy touch_active when already active","duration":0.5982999999999947,"failureMessages":[],"meta":{}}],"startTime":1781044479930,"endTime":1781044479935.5984,"status":"passed","message":"","name":"C:/Projects/pos-waka/src/lib/deviceLimitEnforcement.test.ts"},{"assertionResults":[{"ancestorTitles":["needsNewDeviceSlot"],"fullName":"needsNewDeviceSlot ignores active and revoked for slot counting","status":"passed","title":"ignores active and revoked for slot counting","duration":3.2807999999999993,"failureMessages":[],"meta":{}},{"ancestorTitles":["evaluateDeviceLimitBlock"],"fullName":"evaluateDeviceLimitBlock allows login under limit","status":"passed","title":"allows login under limit","duration":1.7297999999999547,"failureMessages":[],"meta":{}},{"ancestorTitles":["evaluateDeviceLimitBlock"],"fullName":"evaluateDeviceLimitBlock allows login exactly at limit for existing active device","status":"passed","title":"allows login exactly at limit for existing active device","duration":0.4312999999999647,"failureMessages":[],"meta":{}},{"ancestorTitles":["evaluateDeviceLimitBlock"],"fullName":"evaluateDeviceLimitBlock blocks login above limit for new activation","status":"passed","title":"blocks login above limit for new activation","duration":0.4032000000000835,"failureMessages":[],"meta":{}},{"ancestorTitles":["evaluateDeviceLimitBlock"],"fullName":"evaluateDeviceLimitBlock blocks at exact limit for disconnected reactivation","status":"passed","title":"blocks at exact limit for disconnected reactivation","duration":0.34739999999999327,"failureMessages":[],"meta":{}},{"ancestorTitles":["evaluateDeviceLimitBlock"],"fullName":"evaluateDeviceLimitBlock ignores disconnected devices in count (caller supplies active only)","status":"passed","title":"ignores disconnected devices in count (caller supplies active only)","duration":0.384900000000016,"failureMessages":[],"meta":{}},{"ancestorTitles":["evaluateDeviceLimitBlock"],"fullName":"evaluateDeviceLimitBlock ignores revoked for slot policy","status":"passed","title":"ignores revoked for slot policy","duration":0.5309999999999491,"failureMessages":[],"meta":{}},{"ancestorTitles":["evaluateDeviceLimitBlock"],"fullName":"evaluateDeviceLimitBlock allows unlimited plan","status":"passed","title":"allows unlimited plan","duration":0.47899999999992815,"failureMessages":[],"meta":{}},{"ancestorTitles":["isUnlimitedDevicePlan"],"fullName":"isUnlimitedDevicePlan treats null and zero as unlimited","status":"passed","title":"treats null and zero as unlimited","duration":1.6403000000000247,"failureMessages":[],"meta":{}},{"ancestorTitles":["concurrent activation race"],"fullName":"concurrent activation race serializes decisions: second activation blocked when limit 1","status":"passed","title":"serializes decisions: second activation blocked when limit 1","duration":0.6340000000000146,"failureMessages":[],"meta":{}}],"startTime":1781044481186,"endTime":1781044481197.634,"status":"passed","message":"","name":"C:/Projects/pos-waka/src/lib/deviceLimitPolicy.test.ts"},{"assertionResults":[{"ancestorTitles":["formatDevicePlatformLabel"],"fullName":"formatDevicePlatformLabel maps known platforms","status":"passed","title":"maps known platforms","duration":3.52170000000001,"failureMessages":[],"meta":{}},{"ancestorTitles":["formatDeviceDisplayName"],"fullName":"formatDeviceDisplayName prefers label when set","status":"passed","title":"prefers label when set","duration":0.6467000000000098,"failureMessages":[],"meta":{}},{"ancestorTitles":["formatDeviceDisplayName"],"fullName":"formatDeviceDisplayName falls back to platform POS","status":"passed","title":"falls back to platform POS","duration":0.42240000000015243,"failureMessages":[],"meta":{}},{"ancestorTitles":["formatLastActiveRelative"],"fullName":"formatLastActiveRelative returns just_now under one minute","status":"passed","title":"returns just_now under one minute","duration":2.4134999999998854,"failureMessages":[],"meta":{}},{"ancestorTitles":["formatLastActiveRelative"],"fullName":"formatLastActiveRelative returns mins and hours","status":"passed","title":"returns mins and hours","duration":0.6708000000000993,"failureMessages":[],"meta":{}},{"ancestorTitles":["formatLastActiveRelative"],"fullName":"formatLastActiveRelative returns yesterday and days","status":"passed","title":"returns yesterday and days","duration":0.6951999999998861,"failureMessages":[],"meta":{}},{"ancestorTitles":["formatLastActiveRelative"],"fullName":"formatLastActiveRelative returns never for missing iso","status":"passed","title":"returns never for missing iso","duration":0.4378999999998996,"failureMessages":[],"meta":{}}],"startTime":1781044478155,"endTime":1781044478164.438,"status":"passed","message":"","name":"C:/Projects/pos-waka/src/lib/devicePresenceFormat.test.ts"},{"assertionResults":[{"ancestorTitles":["isSupabaseEmailVerified"],"fullName":"isSupabaseEmailVerified returns true when email_confirmed_at is set","status":"passed","title":"returns true when email_confirmed_at is set","duration":2.726699999999937,"failureMessages":[],"meta":{}},{"ancestorTitles":["isSupabaseEmailVerified"],"fullName":"isSupabaseEmailVerified returns true for Google OAuth without separate confirmation","status":"passed","title":"returns true for Google OAuth without separate confirmation","duration":0.50649999999996,"failureMessages":[],"meta":{}},{"ancestorTitles":["isSupabaseEmailVerified"],"fullName":"isSupabaseEmailVerified returns false for unverified email/password signup","status":"passed","title":"returns false for unverified email/password signup","duration":0.37819999999999254,"failureMessages":[],"meta":{}}],"startTime":1781044483422,"endTime":1781044483425.5066,"status":"passed","message":"","name":"C:/Projects/pos-waka/src/lib/emailVerification.test.ts"},{"assertionResults":[{"ancestorTitles":["expected cash — surface consistency"],"fullName":"expected cash — surface consistency Owner / Close Day / Cash Expenses / export share one formula","status":"passed","title":"Owner / Close Day / Cash Expenses / export share one formula","duration":71.60609999999997,"failureMessages":[],"meta":{}},{"ancestorTitles":["expected cash — surface consistency"],"fullName":"expected cash — surface consistency getExpectedCashForDay matches getDrawerCashForDayInput","status":"passed","title":"getExpectedCashForDay matches getDrawerCashForDayInput","duration":1.762899999999945,"failureMessages":[],"meta":{}}],"startTime":1781044473872,"endTime":1781044473944.763,"status":"passed","message":"","name":"C:/Projects/pos-waka/src/lib/expectedCashConsistency.test.ts"},{"assertionResults":[{"ancestorTitles":["credit debt adjustment helpers"],"fullName":"credit debt adjustment helpers mixed cash+debt void reduces debt portion after cash exhausted","status":"passed","title":"mixed cash+debt void reduces debt portion after cash exhausted","duration":3.3342999999999847,"failureMessages":[],"meta":{}},{"ancestorTitles":["credit debt adjustment helpers"],"fullName":"credit debt adjustment helpers applyCustomerDebtDelta never goes below zero","status":"passed","title":"applyCustomerDebtDelta never goes below zero","duration":0.7346999999999753,"failureMessages":[],"meta":{}},{"ancestorTitles":["credit debt adjustment helpers"],"fullName":"credit debt adjustment helpers reduceSaleTotalsByAmount matches debt reduction for credit void","status":"passed","title":"reduceSaleTotalsByAmount matches debt reduction for credit void","duration":0.8040000000000873,"failureMessages":[],"meta":{}},{"ancestorTitles":["isRevenueSale and completed-only metrics"],"fullName":"isRevenueSale and completed-only metrics isRevenueSale excludes pending and cancelled","status":"passed","title":"isRevenueSale excludes pending and cancelled","duration":0.8645999999998821,"failureMessages":[],"meta":{}},{"ancestorTitles":["isRevenueSale and completed-only metrics"],"fullName":"isRevenueSale and completed-only metrics hospitality scenario: open 200k + completed 100k => revenue 100k only","status":"passed","title":"hospitality scenario: open 200k + completed 100k => revenue 100k only","duration":62.61059999999998,"failureMessages":[],"meta":{}},{"ancestorTitles":["isRevenueSale and completed-only metrics"],"fullName":"isRevenueSale and completed-only metrics Dashboard and Owner paths agree via getCompletedFinancials","status":"passed","title":"Dashboard and Owner paths agree via getCompletedFinancials","duration":1.5500999999999294,"failureMessages":[],"meta":{}},{"ancestorTitles":["returns and profit"],"fullName":"returns and profit return reduces revenue when sale header is adjusted (linked return)","status":"passed","title":"return reduces revenue when sale header is adjusted (linked return)","duration":2.977300000000014,"failureMessages":[],"meta":{}},{"ancestorTitles":["returns and profit"],"fullName":"returns and profit unlinked return reduces revenue without sale adjustment","status":"passed","title":"unlinked return reduces revenue without sale adjustment","duration":1.7087999999998829,"failureMessages":[],"meta":{}},{"ancestorTitles":["debt balance invariant simulation"],"fullName":"debt balance invariant simulation credit sale minus void debt portion equals customer balance","status":"passed","title":"credit sale minus void debt portion equals customer balance","duration":0.6525000000001455,"failureMessages":[],"meta":{}},{"ancestorTitles":["debt balance invariant simulation"],"fullName":"debt balance invariant simulation partial payment then return on credit keeps balance consistent","status":"passed","title":"partial payment then return on credit keeps balance consistent","duration":0.6891000000000531,"failureMessages":[],"meta":{}},{"ancestorTitles":["cart discount revenue invariant"],"fullName":"cart discount revenue invariant revenue matches cash plus debt after cart-wide discount","status":"passed","title":"revenue matches cash plus debt after cart-wide discount","duration":1.3454000000001543,"failureMessages":[],"meta":{}},{"ancestorTitles":["pending sale never counts as revenue"],"fullName":"pending sale never counts as revenue pending sale alone yields zero revenue","status":"passed","title":"pending sale alone yields zero revenue","duration":0.4659999999998945,"failureMessages":[],"meta":{}}],"startTime":1781044476117,"endTime":1781044476196.466,"status":"passed","message":"","name":"C:/Projects/pos-waka/src/lib/financialIntegrity.test.ts"},{"assertionResults":[{"ancestorTitles":["FI-01 canonical revenue with cart discount"],"fullName":"FI-01 canonical revenue with cart discount revenue equals cash + debt when cart discount applied","status":"passed","title":"revenue equals cash + debt when cart discount applied","duration":129.63449999999966,"failureMessages":[],"meta":{}},{"ancestorTitles":["FI-01 canonical revenue with cart discount"],"fullName":"FI-01 canonical revenue with cart discount multiple line discounts and cart discount stay consistent","status":"passed","title":"multiple line discounts and cart discount stay consistent","duration":2.2899999999999636,"failureMessages":[],"meta":{}},{"ancestorTitles":["FI-02 return ceilings"],"fullName":"FI-02 return ceilings rejects refund above remaining sale value","status":"passed","title":"rejects refund above remaining sale value","duration":1.594499999999698,"failureMessages":[],"meta":{}},{"ancestorTitles":["FI-02 return ceilings"],"fullName":"FI-02 return ceilings cumulative partial returns cannot exceed original remaining","status":"passed","title":"cumulative partial returns cannot exceed original remaining","duration":1.2123000000001412,"failureMessages":[],"meta":{}},{"ancestorTitles":["FI-02 return ceilings"],"fullName":"FI-02 return ceilings rejects quantity above remaining returnable","status":"passed","title":"rejects quantity above remaining returnable","duration":0.7011999999999716,"failureMessages":[],"meta":{}},{"ancestorTitles":["FI-04 debt reconciliation"],"fullName":"FI-04 debt reconciliation heals stale customer balance to ledger","status":"passed","title":"heals stale customer balance to ledger","duration":1.2762000000002445,"failureMessages":[],"meta":{}},{"ancestorTitles":["FI-04 debt reconciliation"],"fullName":"FI-04 debt reconciliation never heals below zero","status":"passed","title":"never heals below zero","duration":0.3795000000000073,"failureMessages":[],"meta":{}},{"ancestorTitles":["FI-08 financial invariants"],"fullName":"FI-08 financial invariants passes for balanced credit sale and payment","status":"passed","title":"passes for balanced credit sale and payment","duration":4.668099999999868,"failureMessages":[],"meta":{}},{"ancestorTitles":["FI-06 audit_log sync"],"fullName":"FI-06 audit_log sync exports pushAuditLogToCloud for durable audit mirror","status":"failed","title":"exports pushAuditLogToCloud for durable audit mirror","duration":5206.968699999999,"failureMessages":["Error: STACK_TRACE_ERROR\n    at task (file:///C:/Projects/pos-waka/node_modules/@vitest/runner/dist/chunk-hooks.js:638:27)\n    at Object.<anonymous> (file:///C:/Projects/pos-waka/node_modules/@vitest/runner/dist/chunk-hooks.js:662:16)\n    at Object.<anonymous> (file:///C:/Projects/pos-waka/node_modules/@vitest/runner/dist/chunk-hooks.js:458:28)\n    at chain (file:///C:/Projects/pos-waka/node_modules/@vitest/runner/dist/chunk-hooks.js:369:14)\n    at C:\\Projects\\pos-waka\\src\\lib\\financialRemediation.test.ts:234:3\n    at file:///C:/Projects/pos-waka/node_modules/@vitest/runner/dist/chunk-hooks.js:734:40\n    at runWithSuite (file:///C:/Projects/pos-waka/node_modules/@vitest/runner/dist/chunk-hooks.js:1849:8)\n    at Object.collect (file:///C:/Projects/pos-waka/node_modules/@vitest/runner/dist/chunk-hooks.js:734:10)\n    at Object.collect (file:///C:/Projects/pos-waka/node_modules/@vitest/runner/dist/chunk-hooks.js:738:54)\n    at processTicksAndRejections (node:internal/process/task_queues:104:5)\n    at collectTests (file:///C:/Projects/pos-waka/node_modules/@vitest/runner/dist/chunk-hooks.js:1179:25)\n    at startTests (file:///C:/Projects/pos-waka/node_modules/@vitest/runner/dist/chunk-hooks.js:1817:17)\n    at file:///C:/Projects/pos-waka/node_modules/vitest/dist/chunks/runBaseTests.9Ij9_de-.js:117:26\n    at withEnv (file:///C:/Projects/pos-waka/node_modules/vitest/dist/chunks/runBaseTests.9Ij9_de-.js:84:3)\n    at run (file:///C:/Projects/pos-waka/node_modules/vitest/dist/chunks/runBaseTests.9Ij9_de-.js:109:2)"],"meta":{}},{"ancestorTitles":["FI-06 audit_log sync"],"fullName":"FI-06 audit_log sync processCloudSyncOperation routes audit_log (no-op without Supabase session)","status":"passed","title":"processCloudSyncOperation routes audit_log (no-op without Supabase session)","duration":723.0388000000003,"failureMessages":[],"meta":{}},{"ancestorTitles":["FI-03 close day drawer parity"],"fullName":"FI-03 close day drawer parity persisted close inputs match getDrawerCashForDayInput","status":"passed","title":"persisted close inputs match getDrawerCashForDayInput","duration":1.5662999999985914,"failureMessages":[],"meta":{}},{"ancestorTitles":["FI-05 supplier payment cap"],"fullName":"FI-05 supplier payment cap payment cannot exceed balance owed (logic)","status":"passed","title":"payment cannot exceed balance owed (logic)","duration":0.729300000000876,"failureMessages":[],"meta":{}}],"startTime":1781044467833,"endTime":1781044473910.7292,"status":"failed","message":"","name":"C:/Projects/pos-waka/src/lib/financialRemediation.test.ts"},{"assertionResults":[{"ancestorTitles":["formatUgx"],"fullName":"formatUgx shows full digits without k shorthand","status":"passed","title":"shows full digits without k shorthand","duration":50.933400000000006,"failureMessages":[],"meta":{}},{"ancestorTitles":["formatUgx"],"fullName":"formatUgx clamps negatives to zero","status":"passed","title":"clamps negatives to zero","duration":0.6952999999999747,"failureMessages":[],"meta":{}}],"startTime":1781044476202,"endTime":1781044476253.6953,"status":"passed","message":"","name":"C:/Projects/pos-waka/src/lib/formatUgx.test.ts"},{"assertionResults":[{"ancestorTitles":["hospitalityExport"],"fullName":"hospitalityExport builds waiter PDF","status":"passed","title":"builds waiter PDF","duration":115.76099999999997,"failureMessages":[],"meta":{}},{"ancestorTitles":["hospitalityExport"],"fullName":"hospitalityExport builds kitchen PDF","status":"passed","title":"builds kitchen PDF","duration":5.9452000000001135,"failureMessages":[],"meta":{}},{"ancestorTitles":["hospitalityExport"],"fullName":"hospitalityExport builds table PDF","status":"passed","title":"builds table PDF","duration":4.891300000000001,"failureMessages":[],"meta":{}}],"startTime":1781044469899,"endTime":1781044470025.8914,"status":"passed","message":"","name":"C:/Projects/pos-waka/src/lib/hospitalityExport.test.ts"},{"assertionResults":[{"ancestorTitles":["hospitality isolation — tables/kitchen/orders/settlement"],"fullName":"hospitality isolation — tables/kitchen/orders/settlement uses hospitality vocabulary for operations","status":"passed","title":"uses hospitality vocabulary for operations","duration":4.541200000000117,"failureMessages":[],"meta":{}},{"ancestorTitles":["hospitality isolation — dashboard/reports/receipts/navigation"],"fullName":"hospitality isolation — dashboard/reports/receipts/navigation keeps hospitality-first labels","status":"passed","title":"keeps hospitality-first labels","duration":0.8816999999999098,"failureMessages":[],"meta":{}},{"ancestorTitles":["hospitality isolation — leakage checks"],"fullName":"hospitality isolation — leakage checks does not pick pharmacy, wholesale, or retail aliases in hospitality mode","status":"passed","title":"does not pick pharmacy, wholesale, or retail aliases in hospitality mode","duration":1.1377000000002226,"failureMessages":[],"meta":{}},{"ancestorTitles":["hospitality isolation — leakage checks"],"fullName":"hospitality isolation — leakage checks uses hospitality placeholders without retail product examples","status":"passed","title":"uses hospitality placeholders without retail product examples","duration":2.4179999999998927,"failureMessages":[],"meta":{}},{"ancestorTitles":["hospitality isolation — leakage checks"],"fullName":"hospitality isolation — leakage checks defaults kitchen off for bar and on for restaurant types","status":"passed","title":"defaults kitchen off for bar and on for restaurant types","duration":1.1790000000000873,"failureMessages":[],"meta":{}},{"ancestorTitles":["hospitality isolation — leakage checks"],"fullName":"hospitality isolation — leakage checks retains table and kitchen realism copy","status":"passed","title":"retains table and kitchen realism copy","duration":0.7406999999998334,"failureMessages":[],"meta":{}}],"startTime":1781044479652,"endTime":1781044479664.7407,"status":"passed","message":"","name":"C:/Projects/pos-waka/src/lib/hospitalityIsolation.test.ts"},{"assertionResults":[{"ancestorTitles":["hospitality starter packs"],"fullName":"hospitality starter packs uses dedicated restaurant & bar pack (not bar-only)","status":"passed","title":"uses dedicated restaurant & bar pack (not bar-only)","duration":4.453500000000076,"failureMessages":[],"meta":{}},{"ancestorTitles":["hospitality starter packs"],"fullName":"hospitality starter packs bar pack stays drink-focused","status":"passed","title":"bar pack stays drink-focused","duration":0.9550999999999021,"failureMessages":[],"meta":{}}],"startTime":1781044480104,"endTime":1781044480108.955,"status":"passed","message":"","name":"C:/Projects/pos-waka/src/lib/hospitalityStarterPack.test.ts"},{"assertionResults":[{"ancestorTitles":["hospitality terminology isolation"],"fullName":"hospitality terminology isolation uses order vocabulary in hospitality mode","status":"passed","title":"uses order vocabulary in hospitality mode","duration":3.4218000000000757,"failureMessages":[],"meta":{}},{"ancestorTitles":["hospitality terminology isolation"],"fullName":"hospitality terminology isolation keeps retail sale wording outside hospitality","status":"passed","title":"keeps retail sale wording outside hospitality","duration":0.6718000000000757,"failureMessages":[],"meta":{}}],"startTime":1781044480603,"endTime":1781044480606.6719,"status":"passed","message":"","name":"C:/Projects/pos-waka/src/lib/hospitalityTerminology.test.ts"},{"assertionResults":[{"ancestorTitles":["hospitality customer trust copy"],"fullName":"hospitality customer trust copy explains device-local staff accounts","status":"passed","title":"explains device-local staff accounts","duration":3.9342000000000326,"failureMessages":[],"meta":{}},{"ancestorTitles":["hospitality customer trust copy"],"fullName":"hospitality customer trust copy shows sales hydration loading message","status":"passed","title":"shows sales hydration loading message","duration":2.2310000000001082,"failureMessages":[],"meta":{}}],"startTime":1781044480646,"endTime":1781044480652.231,"status":"passed","message":"","name":"C:/Projects/pos-waka/src/lib/hospitalityTrust.test.ts"},{"assertionResults":[{"ancestorTitles":["inventoryIntegrity — stable movement ids"],"fullName":"inventoryIntegrity — stable movement ids same sale + product yields deterministic id","status":"passed","title":"same sale + product yields deterministic id","duration":8.036699999999996,"failureMessages":[],"meta":{}},{"ancestorTitles":["inventoryIntegrity — stable movement ids"],"fullName":"inventoryIntegrity — stable movement ids different sales yield different ids","status":"passed","title":"different sales yield different ids","duration":2.258299999999963,"failureMessages":[],"meta":{}},{"ancestorTitles":["inventoryIntegrity — stable movement ids"],"fullName":"inventoryIntegrity — stable movement ids saleStockMovementsFromSale uses stable ids","status":"passed","title":"saleStockMovementsFromSale uses stable ids","duration":3.654600000000073,"failureMessages":[],"meta":{}},{"ancestorTitles":["inventoryIntegrity — cloud pull merge"],"fullName":"inventoryIntegrity — cloud pull merge always uses remote stock on cloud pull","status":"passed","title":"always uses remote stock on cloud pull","duration":0.97950000000003,"failureMessages":[],"meta":{}},{"ancestorTitles":["inventoryIntegrity — cloud pull merge"],"fullName":"inventoryIntegrity — cloud pull merge mergeProductInventory aliases cloud pull merge","status":"passed","title":"mergeProductInventory aliases cloud pull merge","duration":0.5095000000000027,"failureMessages":[],"meta":{}},{"ancestorTitles":["inventoryIntegrity — cloud pull merge"],"fullName":"inventoryIntegrity — cloud pull merge field-safe merge keeps local price when local version is higher","status":"passed","title":"field-safe merge keeps local price when local version is higher","duration":0.6138999999999442,"failureMessages":[],"meta":{}},{"ancestorTitles":["inventoryIntegrity — cloud pull merge"],"fullName":"inventoryIntegrity — cloud pull merge patchProductsWithServerStock applies server quantities","status":"passed","title":"patchProductsWithServerStock applies server quantities","duration":0.6813000000000784,"failureMessages":[],"meta":{}},{"ancestorTitles":["inventoryIntegrity — stale detection"],"fullName":"inventoryIntegrity — stale detection flags stale when server stock changed after base snapshot","status":"passed","title":"flags stale when server stock changed after base snapshot","duration":0.4229000000000269,"failureMessages":[],"meta":{}},{"ancestorTitles":["inventoryIntegrity — stale detection"],"fullName":"inventoryIntegrity — stale detection allows write when server unchanged since base","status":"passed","title":"allows write when server unchanged since base","duration":0.35370000000000346,"failureMessages":[],"meta":{}},{"ancestorTitles":["inventoryIntegrity — concurrent sales (scenario A)"],"fullName":"inventoryIntegrity — concurrent sales (scenario A) two devices selling same product yields correct final stock","status":"passed","title":"two devices selling same product yields correct final stock","duration":0.6867999999999483,"failureMessages":[],"meta":{}},{"ancestorTitles":["inventoryIntegrity — concurrent sales (scenario A)"],"fullName":"inventoryIntegrity — concurrent sales (scenario A) scenario A: stock 5, sell 3 + 3 → cloud ledger  -1 (allows negative in math)","status":"passed","title":"scenario A: stock 5, sell 3 + 3 → cloud ledger  -1 (allows negative in math)","duration":0.29719999999997526,"failureMessages":[],"meta":{}},{"ancestorTitles":["inventoryIntegrity — idempotent replay (scenarios B/D)"],"fullName":"inventoryIntegrity — idempotent replay (scenarios B/D) duplicate sync replay deducts once per sale+product","status":"passed","title":"duplicate sync replay deducts once per sale+product","duration":0.45079999999995835,"failureMessages":[],"meta":{}},{"ancestorTitles":["inventoryIntegrity — idempotent replay (scenarios B/D)"],"fullName":"inventoryIntegrity — idempotent replay (scenarios B/D) ten retries of same sale still one deduction","status":"passed","title":"ten retries of same sale still one deduction","duration":0.48460000000000036,"failureMessages":[],"meta":{}},{"ancestorTitles":["inventoryIntegrity — idempotent replay (scenarios B/D)"],"fullName":"inventoryIntegrity — idempotent replay (scenarios B/D) two sales same product both apply once","status":"passed","title":"two sales same product both apply once","duration":0.3910999999999376,"failureMessages":[],"meta":{}},{"ancestorTitles":["inventoryIntegrity — offline recovery movements"],"fullName":"inventoryIntegrity — offline recovery movements sale + void + return + purchase across movements","status":"passed","title":"sale + void + return + purchase across movements","duration":0.7423999999999751,"failureMessages":[],"meta":{}},{"ancestorTitles":["inventoryIntegrity — offline recovery movements"],"fullName":"inventoryIntegrity — offline recovery movements 7-day offline replay: queued sales converge on reconnect","status":"passed","title":"7-day offline replay: queued sales converge on reconnect","duration":0.5466999999999871,"failureMessages":[],"meta":{}},{"ancestorTitles":["inventoryIntegrity — verification"],"fullName":"inventoryIntegrity — verification detects mismatch between recorded stock and movement ledger","status":"passed","title":"detects mismatch between recorded stock and movement ledger","duration":2.1090000000000373,"failureMessages":[],"meta":{}},{"ancestorTitles":["inventoryIntegrity — verification"],"fullName":"inventoryIntegrity — verification passes when recorded stock matches movement ledger","status":"passed","title":"passes when recorded stock matches movement ledger","duration":0.5874999999999773,"failureMessages":[],"meta":{}},{"ancestorTitles":["inventoryIntegrity — movementsToDeltas"],"fullName":"inventoryIntegrity — movementsToDeltas converts local movement ledger to deltas","status":"passed","title":"converts local movement ledger to deltas","duration":0.5410999999999149,"failureMessages":[],"meta":{}}],"startTime":1781044476473,"endTime":1781044476499.541,"status":"passed","message":"","name":"C:/Projects/pos-waka/src/lib/inventoryIntegrity.test.ts"},{"assertionResults":[{"ancestorTitles":["P0-1 Discounted pending sale E2E"],"fullName":"P0-1 Discounted pending sale E2E hold → resume → payable identical to held total","status":"passed","title":"hold → resume → payable identical to held total","duration":16.486499999999978,"failureMessages":[],"meta":{}},{"ancestorTitles":["P0-2 Hospitality settlement failure (store path)"],"fullName":"P0-2 Hospitality settlement failure (store path) finalizeDraftSale returns noStock when stock exhausted","status":"passed","title":"finalizeDraftSale returns noStock when stock exhausted","duration":4.023699999999735,"failureMessages":[],"meta":{}},{"ancestorTitles":["P0-3 Business trial account gates"],"fullName":"P0-3 Business trial account gates resolves to business tier","status":"passed","title":"resolves to business tier","duration":0.769800000000032,"failureMessages":[],"meta":{}},{"ancestorTitles":["P0-3 Business trial account gates"],"fullName":"P0-3 Business trial account gates allows staff creation quota","status":"passed","title":"allows staff creation quota","duration":0.5587000000000444,"failureMessages":[],"meta":{}},{"ancestorTitles":["P0-3 Business trial account gates"],"fullName":"P0-3 Business trial account gates unlocks owner dashboard, profit, shop settings","status":"passed","title":"unlocks owner dashboard, profit, shop settings","duration":0.9501000000000204,"failureMessages":[],"meta":{}},{"ancestorTitles":["P0-4 Credit permissions"],"fullName":"P0-4 Credit permissions cashier debt finalize rejected with forbidden","status":"passed","title":"cashier debt finalize rejected with forbidden","duration":4.791500000000269,"failureMessages":[],"meta":{}},{"ancestorTitles":["P0-6 Monthly trend accuracy"],"fullName":"P0-6 Monthly trend accuracy month chart spans month-to-date with correct daily values","status":"passed","title":"month chart spans month-to-date with correct daily values","duration":159.08169999999973,"failureMessages":[],"meta":{}},{"ancestorTitles":["P0-7 Expense persistence contract"],"fullName":"P0-7 Expense persistence contract incremental persist and bootstrap include cashExpense bucket","status":"passed","title":"incremental persist and bootstrap include cashExpense bucket","duration":15.459900000000289,"failureMessages":[],"meta":{}}],"startTime":1781044476885,"endTime":1781044477088.46,"status":"passed","message":"","name":"C:/Projects/pos-waka/src/lib/p0Verification.test.ts"},{"assertionResults":[{"ancestorTitles":["cartDiscountFromPendingSale"],"fullName":"cartDiscountFromPendingSale restores cart discount so payable matches held total","status":"passed","title":"restores cart discount so payable matches held total","duration":5.022699999999986,"failureMessages":[],"meta":{}},{"ancestorTitles":["resumePendingSale — cart discount round-trip"],"fullName":"resumePendingSale — cart discount round-trip held sale with discount keeps same payable after resume and re-checkout math","status":"passed","title":"held sale with discount keeps same payable after resume and re-checkout math","duration":4.569700000000012,"failureMessages":[],"meta":{}}],"startTime":1781044483279,"endTime":1781044483289.5696,"status":"passed","message":"","name":"C:/Projects/pos-waka/src/lib/pendingSaleDiscount.test.ts"},{"assertionResults":[{"ancestorTitles":["pending sale line merge (P0)"],"fullName":"pending sale line merge (P0) Beer + Pork from two waiters both survive","status":"passed","title":"Beer + Pork from two waiters both survive","duration":9.319899999999961,"failureMessages":[],"meta":{}},{"ancestorTitles":["pending sale line merge (P0)"],"fullName":"pending sale line merge (P0) stale Pork-only push does not wipe Beer when server merges additively","status":"passed","title":"stale Pork-only push does not wipe Beer when server merges additively","duration":1.2111999999999625,"failureMessages":[],"meta":{}},{"ancestorTitles":["pending sale line merge (P0)"],"fullName":"pending sale line merge (P0) client mergePendingSales unions lines from offline and online devices","status":"passed","title":"client mergePendingSales unions lines from offline and online devices","duration":1.8786999999999807,"failureMessages":[],"meta":{}},{"ancestorTitles":["pending sale line merge (P0)"],"fullName":"pending sale line merge (P0) merge during edit keeps items from both tables","status":"passed","title":"merge during edit keeps items from both tables","duration":0.8679999999999382,"failureMessages":[],"meta":{}},{"ancestorTitles":["pending sale line merge (P0)"],"fullName":"pending sale line merge (P0) deletedLineIdsFromDraft detects removed lines","status":"passed","title":"deletedLineIdsFromDraft detects removed lines","duration":0.8405999999999949,"failureMessages":[],"meta":{}},{"ancestorTitles":["pending sale line merge (P0)"],"fullName":"pending sale line merge (P0) line-level LWW keeps newer quantity on same line id","status":"passed","title":"line-level LWW keeps newer quantity on same line id","duration":0.6385999999999967,"failureMessages":[],"meta":{}},{"ancestorTitles":["pending sale line merge (P0)"],"fullName":"pending sale line merge (P0) simultaneous settlement: completed sale blocks further draft push (simulated)","status":"passed","title":"simultaneous settlement: completed sale blocks further draft push (simulated)","duration":0.3321000000000822,"failureMessages":[],"meta":{}},{"ancestorTitles":["transfer during edit"],"fullName":"transfer during edit line merge preserves items while header reference changes","status":"passed","title":"line merge preserves items while header reference changes","duration":0.6906000000001313,"failureMessages":[],"meta":{}},{"ancestorTitles":["kitchen ticket deduplication"],"fullName":"kitchen ticket deduplication does not re-fire products already on non-cancelled tickets","status":"passed","title":"does not re-fire products already on non-cancelled tickets","duration":0.6833999999998923,"failureMessages":[],"meta":{}}],"startTime":1781044477734,"endTime":1781044477751.6833,"status":"passed","message":"","name":"C:/Projects/pos-waka/src/lib/pendingSaleMerge.test.ts"},{"assertionResults":[{"ancestorTitles":["performance certification"],"fullName":"performance certification dashboard load summary stays under threshold","status":"failed","title":"dashboard load summary stays under threshold","duration":721.1385,"failureMessages":["AssertionError: expected 636 to be less than or equal to 600\n    at C:\\Projects\\pos-waka\\src\\lib\\performanceCertification.test.ts:69:21\n    at file:///C:/Projects/pos-waka/node_modules/@vitest/runner/dist/chunk-hooks.js:155:11\n    at file:///C:/Projects/pos-waka/node_modules/@vitest/runner/dist/chunk-hooks.js:752:26\n    at file:///C:/Projects/pos-waka/node_modules/@vitest/runner/dist/chunk-hooks.js:1897:20\n    at new Promise (<anonymous>)\n    at runWithTimeout (file:///C:/Projects/pos-waka/node_modules/@vitest/runner/dist/chunk-hooks.js:1863:10)\n    at runTest (file:///C:/Projects/pos-waka/node_modules/@vitest/runner/dist/chunk-hooks.js:1574:12)\n    at processTicksAndRejections (node:internal/process/task_queues:104:5)\n    at runSuite (file:///C:/Projects/pos-waka/node_modules/@vitest/runner/dist/chunk-hooks.js:1729:8)\n    at runSuite (file:///C:/Projects/pos-waka/node_modules/@vitest/runner/dist/chunk-hooks.js:1729:8)"],"meta":{}},{"ancestorTitles":["performance certification"],"fullName":"performance certification report generation stays under threshold","status":"passed","title":"report generation stays under threshold","duration":644.7007000000003,"failureMessages":[],"meta":{}},{"ancestorTitles":["performance certification"],"fullName":"performance certification queue drain simulation stays under threshold","status":"passed","title":"queue drain simulation stays under threshold","duration":3.6347999999998137,"failureMessages":[],"meta":{}},{"ancestorTitles":["performance certification"],"fullName":"performance certification pending sale merge stays under threshold","status":"passed","title":"pending sale merge stays under threshold","duration":5.543499999999767,"failureMessages":[],"meta":{}},{"ancestorTitles":["performance certification"],"fullName":"performance certification inventory reconciliation stays under threshold","status":"passed","title":"inventory reconciliation stays under threshold","duration":2.712800000000243,"failureMessages":[],"meta":{}}],"startTime":1781044467880,"endTime":1781044469261.713,"status":"failed","message":"","name":"C:/Projects/pos-waka/src/lib/performanceCertification.test.ts"},{"assertionResults":[{"ancestorTitles":["pharmacyCostIntegrity"],"fullName":"pharmacyCostIntegrity pharmacyQuickAddRequiresBuyPrice is true only in pharmacy mode","status":"passed","title":"pharmacyQuickAddRequiresBuyPrice is true only in pharmacy mode","duration":4.686400000000049,"failureMessages":[],"meta":{}},{"ancestorTitles":["pharmacyCostIntegrity"],"fullName":"pharmacyCostIntegrity pharmacyCostWarnings flags zero cost, sell below cost, extreme margin","status":"passed","title":"pharmacyCostWarnings flags zero cost, sell below cost, extreme margin","duration":4.742199999999912,"failureMessages":[],"meta":{}},{"ancestorTitles":["pharmacyCostIntegrity"],"fullName":"pharmacyCostIntegrity pharmacyMarginUgx and percent","status":"passed","title":"pharmacyMarginUgx and percent","duration":1.3435000000001764,"failureMessages":[],"meta":{}},{"ancestorTitles":["pharmacyCostIntegrity"],"fullName":"pharmacyCostIntegrity computeMedicineMarginRows and sort","status":"passed","title":"computeMedicineMarginRows and sort","duration":3.744799999999941,"failureMessages":[],"meta":{}}],"startTime":1781044478922,"endTime":1781044478936.7449,"status":"passed","message":"","name":"C:/Projects/pos-waka/src/lib/pharmacyCostIntegrity.test.ts"},{"assertionResults":[{"ancestorTitles":["pharmacyExport"],"fullName":"pharmacyExport exports expiry CSV with header","status":"passed","title":"exports expiry CSV with header","duration":60.10390000000007,"failureMessages":[],"meta":{}},{"ancestorTitles":["pharmacyExport"],"fullName":"pharmacyExport exports margin CSV","status":"passed","title":"exports margin CSV","duration":2.52150000000006,"failureMessages":[],"meta":{}},{"ancestorTitles":["pharmacyExport"],"fullName":"pharmacyExport builds expiry PDF","status":"passed","title":"builds expiry PDF","duration":42.13290000000006,"failureMessages":[],"meta":{}},{"ancestorTitles":["pharmacyExport"],"fullName":"pharmacyExport builds margin PDF","status":"passed","title":"builds margin PDF","duration":4.3723999999999705,"failureMessages":[],"meta":{}}],"startTime":1781044471334,"endTime":1781044471444.3723,"status":"passed","message":"","name":"C:/Projects/pos-waka/src/lib/pharmacyExport.test.ts"},{"assertionResults":[{"ancestorTitles":["pharmacy isolation — placeholders"],"fullName":"pharmacy isolation — placeholders pharmacy mode uses medicine examples not retail","status":"passed","title":"pharmacy mode uses medicine examples not retail","duration":4.188199999999938,"failureMessages":[],"meta":{}},{"ancestorTitles":["pharmacy isolation — placeholders"],"fullName":"pharmacy isolation — placeholders retail mode keeps classic retail examples","status":"passed","title":"retail mode keeps classic retail examples","duration":0.7147999999999683,"failureMessages":[],"meta":{}},{"ancestorTitles":["pharmacy isolation — search aliases"],"fullName":"pharmacy isolation — search aliases pharmacy aliases exclude beverage terms","status":"passed","title":"pharmacy aliases exclude beverage terms","duration":0.8904999999999745,"failureMessages":[],"meta":{}},{"ancestorTitles":["pharmacy isolation — search aliases"],"fullName":"pharmacy isolation — search aliases retail aliases still include soda","status":"passed","title":"retail aliases still include soda","duration":0.7672000000000025,"failureMessages":[],"meta":{}},{"ancestorTitles":["pharmacy isolation — product guess"],"fullName":"pharmacy isolation — product guess pharmacy guess does not return crate for cola-like names","status":"passed","title":"pharmacy guess does not return crate for cola-like names","duration":2.8672000000000253,"failureMessages":[],"meta":{}},{"ancestorTitles":["pharmacy isolation — product guess"],"fullName":"pharmacy isolation — product guess retail guess still maps soda to bottle/crate","status":"passed","title":"retail guess still maps soda to bottle/crate","duration":2.2332999999999856,"failureMessages":[],"meta":{}},{"ancestorTitles":["pharmacy isolation — product guess"],"fullName":"pharmacy isolation — product guess pharmacy paracetamol defaults to tablet unit","status":"passed","title":"pharmacy paracetamol defaults to tablet unit","duration":0.676200000000108,"failureMessages":[],"meta":{}},{"ancestorTitles":["pharmacy isolation — starter pack"],"fullName":"pharmacy isolation — starter pack pharmacy starter has only medicine lines","status":"passed","title":"pharmacy starter has only medicine lines","duration":1.8947000000000571,"failureMessages":[],"meta":{}},{"ancestorTitles":["pharmacy isolation — starter pack"],"fullName":"pharmacy isolation — starter pack kiosk starter still includes retail items","status":"passed","title":"kiosk starter still includes retail items","duration":0.5712000000000899,"failureMessages":[],"meta":{}},{"ancestorTitles":["pharmacy isolation — forbidden term list"],"fullName":"pharmacy isolation — forbidden term list covers audit vocabulary from product sprint","status":"passed","title":"covers audit vocabulary from product sprint","duration":0.6111000000000786,"failureMessages":[],"meta":{}},{"ancestorTitles":["pharmacy isolation — terminology"],"fullName":"pharmacy isolation — terminology maps stock and sell to medicine vocabulary","status":"passed","title":"maps stock and sell to medicine vocabulary","duration":0.4717000000000553,"failureMessages":[],"meta":{}},{"ancestorTitles":["pharmacy isolation — terminology"],"fullName":"pharmacy isolation — terminology retail keeps generic product wording","status":"passed","title":"retail keeps generic product wording","duration":0.2538000000000693,"failureMessages":[],"meta":{}},{"ancestorTitles":["pharmacy isolation — retail leak detector"],"fullName":"pharmacy isolation — retail leak detector flags known retail examples","status":"passed","title":"flags known retail examples","duration":0.24329999999997654,"failureMessages":[],"meta":{}},{"ancestorTitles":["pharmacy isolation — retail leak detector"],"fullName":"pharmacy isolation — retail leak detector pharmacy i18n placeholders pass leak scan","status":"passed","title":"pharmacy i18n placeholders pass leak scan","duration":0.2897000000000389,"failureMessages":[],"meta":{}},{"ancestorTitles":["pharmacy isolation — hospitality unchanged"],"fullName":"pharmacy isolation — hospitality unchanged restaurant business type does not use pharmacy aliases","status":"passed","title":"restaurant business type does not use pharmacy aliases","duration":0.3630999999999176,"failureMessages":[],"meta":{}}],"startTime":1781044475321,"endTime":1781044475339.363,"status":"passed","message":"","name":"C:/Projects/pos-waka/src/lib/pharmacyIsolation.test.ts"},{"assertionResults":[{"ancestorTitles":["calcTotalBaseUnits"],"fullName":"calcTotalBaseUnits tablet-only: opening stock","status":"passed","title":"tablet-only: opening stock","duration":3.20780000000002,"failureMessages":[],"meta":{}},{"ancestorTitles":["calcTotalBaseUnits"],"fullName":"calcTotalBaseUnits box + strip: 2 boxes → 200 tablets","status":"passed","title":"box + strip: 2 boxes → 200 tablets","duration":0.494199999999978,"failureMessages":[],"meta":{}},{"ancestorTitles":["calcTotalBaseUnits"],"fullName":"calcTotalBaseUnits strip only: 20 strips × 10 tablets","status":"passed","title":"strip only: 20 strips × 10 tablets","duration":0.6652000000000271,"failureMessages":[],"meta":{}},{"ancestorTitles":["calcCostPerBaseUnitUgx"],"fullName":"calcCostPerBaseUnitUgx 40,000 invoice / 200 tablets = 200 UGX","status":"passed","title":"40,000 invoice / 200 tablets = 200 UGX","duration":0.629099999999994,"failureMessages":[],"meta":{}},{"ancestorTitles":["derived sell prices"],"fullName":"derived sell prices derives strip and box from tablet price","status":"passed","title":"derives strip and box from tablet price","duration":0.8007000000000062,"failureMessages":[],"meta":{}},{"ancestorTitles":["POS presets and profit"],"fullName":"POS presets and profit exposes tablet, strip, and box presets","status":"passed","title":"exposes tablet, strip, and box presets","duration":46.02359999999999,"failureMessages":[],"meta":{}},{"ancestorTitles":["POS presets and profit"],"fullName":"POS presets and profit strip sale deducts base units and profit uses base cost","status":"passed","title":"strip sale deducts base units and profit uses base cost","duration":0.5485999999999649,"failureMessages":[],"meta":{}},{"ancestorTitles":["POS presets and profit"],"fullName":"POS presets and profit box sale uses 100 base units","status":"passed","title":"box sale uses 100 base units","duration":0.4057999999999993,"failureMessages":[],"meta":{}},{"ancestorTitles":["legacy medicines"],"fullName":"legacy medicines packaging disabled leaves legacy behavior","status":"passed","title":"packaging disabled leaves legacy behavior","duration":2.8676000000000386,"failureMessages":[],"meta":{}},{"ancestorTitles":["packaging disabled mode"],"fullName":"packaging disabled mode uses opening stock only","status":"passed","title":"uses opening stock only","duration":0.7275000000000773,"failureMessages":[],"meta":{}},{"ancestorTitles":["restock by boxes"],"fullName":"restock by boxes 3 boxes adds 300 tablets","status":"passed","title":"3 boxes adds 300 tablets","duration":0.4229000000000269,"failureMessages":[],"meta":{}},{"ancestorTitles":["restock by boxes"],"fullName":"restock by boxes restock preview shows strips and tablets","status":"passed","title":"restock preview shows strips and tablets","duration":0.9098999999999933,"failureMessages":[],"meta":{}},{"ancestorTitles":["stock display"],"fullName":"stock display formats 200 tablets as 20 strips and 2 boxes","status":"passed","title":"formats 200 tablets as 20 strips and 2 boxes","duration":2.0942999999999756,"failureMessages":[],"meta":{}},{"ancestorTitles":["stock display"],"fullName":"stock display low stock threshold in boxes converts to base units","status":"passed","title":"low stock threshold in boxes converts to base units","duration":1.0419000000000551,"failureMessages":[],"meta":{}},{"ancestorTitles":["buildPharmacySaleLine"],"fullName":"buildPharmacySaleLine 1 strip sale stores saleUnitType and base quantity","status":"passed","title":"1 strip sale stores saleUnitType and base quantity","duration":3.3291000000000395,"failureMessages":[],"meta":{}},{"ancestorTitles":["pharmacy receipt line labels"],"fullName":"pharmacy receipt line labels includes medicine name on receipt HTML, not only tablet count","status":"passed","title":"includes medicine name on receipt HTML, not only tablet count","duration":14.517500000000041,"failureMessages":[],"meta":{}}],"startTime":1781044474941,"endTime":1781044475021.5176,"status":"passed","message":"","name":"C:/Projects/pos-waka/src/lib/pharmacyPackaging.test.ts"},{"assertionResults":[{"ancestorTitles":["pharmacy remediation — warnings and isolation"],"fullName":"pharmacy remediation — warnings and isolation sell below cost warning does not block","status":"passed","title":"sell below cost warning does not block","duration":3.0816999999999553,"failureMessages":[],"meta":{}},{"ancestorTitles":["pharmacy remediation — warnings and isolation"],"fullName":"pharmacy remediation — warnings and isolation retail and hospitality are not pharmacy mode","status":"passed","title":"retail and hospitality are not pharmacy mode","duration":0.6095000000000255,"failureMessages":[],"meta":{}}],"startTime":1781044480601,"endTime":1781044480604.6096,"status":"passed","message":"","name":"C:/Projects/pos-waka/src/lib/pharmacyRemediation.test.ts"},{"assertionResults":[{"ancestorTitles":["computePharmacyDashboardStats"],"fullName":"computePharmacyDashboardStats today profit matches getCompletedFinancials for the same day","status":"passed","title":"today profit matches getCompletedFinancials for the same day","duration":9.696900000000142,"failureMessages":[],"meta":{}},{"ancestorTitles":["computePharmacyDashboardStats"],"fullName":"computePharmacyDashboardStats inventory value uses cost times stock","status":"passed","title":"inventory value uses cost times stock","duration":1.6385999999999967,"failureMessages":[],"meta":{}}],"startTime":1781044479122,"endTime":1781044479133.6387,"status":"passed","message":"","name":"C:/Projects/pos-waka/src/lib/pharmacyStats.test.ts"},{"assertionResults":[{"ancestorTitles":["pharmacy quickAddProduct"],"fullName":"pharmacy quickAddProduct rejects pharmacy add without buy price","status":"passed","title":"rejects pharmacy add without buy price","duration":16.65679999999975,"failureMessages":[],"meta":{}},{"ancestorTitles":["pharmacy quickAddProduct"],"fullName":"pharmacy quickAddProduct rejects pharmacy add without opening stock","status":"passed","title":"rejects pharmacy add without opening stock","duration":1.6705000000001746,"failureMessages":[],"meta":{}},{"ancestorTitles":["pharmacy quickAddProduct"],"fullName":"pharmacy quickAddProduct adds medicine with explicit buy price","status":"passed","title":"adds medicine with explicit buy price","duration":4.3913000000002285,"failureMessages":[],"meta":{}},{"ancestorTitles":["pharmacy quickAddProduct"],"fullName":"pharmacy quickAddProduct retail still guesses cost when omitted","status":"passed","title":"retail still guesses cost when omitted","duration":3.123199999999997,"failureMessages":[],"meta":{}},{"ancestorTitles":["pharmacy updateProduct cost"],"fullName":"pharmacy updateProduct cost owner updates buy price per unit","status":"passed","title":"owner updates buy price per unit","duration":2.5075999999999112,"failureMessages":[],"meta":{}},{"ancestorTitles":["writeOffExpiredStock"],"fullName":"writeOffExpiredStock owner write-off reduces stock and audits loss","status":"passed","title":"owner write-off reduces stock and audits loss","duration":55.44769999999971,"failureMessages":[],"meta":{}},{"ancestorTitles":["writeOffExpiredStock"],"fullName":"writeOffExpiredStock cashier cannot write off","status":"passed","title":"cashier cannot write off","duration":1.3082000000003973,"failureMessages":[],"meta":{}}],"startTime":1781044473908,"endTime":1781044473994.308,"status":"passed","message":"","name":"C:/Projects/pos-waka/src/lib/pharmacyStoreRemediation.test.ts"},{"assertionResults":[{"ancestorTitles":["H1 completed sale merge"],"fullName":"H1 completed sale merge device A return-adjusted beats device B stale full total","status":"passed","title":"device A return-adjusted beats device B stale full total","duration":4.552999999999884,"failureMessages":[],"meta":{}},{"ancestorTitles":["H1 completed sale merge"],"fullName":"H1 completed sale merge device A void-adjusted beats device B stale sale","status":"passed","title":"device A void-adjusted beats device B stale sale","duration":1.2507999999997992,"failureMessages":[],"meta":{}},{"ancestorTitles":["H1 completed sale merge"],"fullName":"H1 completed sale 
[...]
 / recordPurchase","status":"passed","title":"matrix consistency: supervisor / recordPurchase","duration":0.11210000000005493,"failureMessages":[],"meta":{}},{"ancestorTitles":["storeAuthorization — permission matrix"],"fullName":"storeAuthorization — permission matrix matrix consistency: supervisor / backupRestore","status":"passed","title":"matrix consistency: supervisor / backupRestore","duration":0.11020000000007713,"failureMessages":[],"meta":{}},{"ancestorTitles":["storeAuthorization — permission matrix"],"fullName":"storeAuthorization — permission matrix matrix consistency: supervisor / removeProduct","status":"passed","title":"matrix consistency: supervisor / removeProduct","duration":0.14580000000000837,"failureMessages":[],"meta":{}},{"ancestorTitles":["storeAuthorization — permission matrix"],"fullName":"storeAuthorization — permission matrix matrix consistency: supervisor / recordDayClose","status":"passed","title":"matrix consistency: supervisor / recordDayClose","duration":0.15390000000002146,"failureMessages":[],"meta":{}},{"ancestorTitles":["storeAuthorization — permission matrix"],"fullName":"storeAuthorization — permission matrix matrix consistency: supervisor / permanentlyDeleteArchived","status":"passed","title":"matrix consistency: supervisor / permanentlyDeleteArchived","duration":0.15990000000010696,"failureMessages":[],"meta":{}},{"ancestorTitles":["storeAuthorization — permission matrix"],"fullName":"storeAuthorization — permission matrix matrix consistency: waiter / finalizeDraftSale","status":"passed","title":"matrix consistency: waiter / finalizeDraftSale","duration":0.12829999999996744,"failureMessages":[],"meta":{}},{"ancestorTitles":["storeAuthorization — permission matrix"],"fullName":"storeAuthorization — permission matrix matrix consistency: waiter / adjustStock","status":"passed","title":"matrix consistency: waiter / adjustStock","duration":0.120900000000006,"failureMessages":[],"meta":{}},{"ancestorTitles":["storeAuthorization — permission matrix"],"fullName":"storeAuthorization — permission matrix matrix consistency: waiter / updateProduct","status":"passed","title":"matrix consistency: waiter / updateProduct","duration":0.11599999999998545,"failureMessages":[],"meta":{}},{"ancestorTitles":["storeAuthorization — permission matrix"],"fullName":"storeAuthorization — permission matrix matrix consistency: waiter / addProduct","status":"passed","title":"matrix consistency: waiter / addProduct","duration":0.13400000000001455,"failureMessages":[],"meta":{}},{"ancestorTitles":["storeAuthorization — permission matrix"],"fullName":"storeAuthorization — permission matrix matrix consistency: waiter / addDebtPayment","status":"passed","title":"matrix consistency: waiter / addDebtPayment","duration":0.11630000000002383,"failureMessages":[],"meta":{}},{"ancestorTitles":["storeAuthorization — permission matrix"],"fullName":"storeAuthorization — permission matrix matrix consistency: waiter / addCashExpense","status":"passed","title":"matrix consistency: waiter / addCashExpense","duration":0.130800000000022,"failureMessages":[],"meta":{}},{"ancestorTitles":["storeAuthorization — permission matrix"],"fullName":"storeAuthorization — permission matrix matrix consistency: waiter / recordPurchase","status":"passed","title":"matrix consistency: waiter / recordPurchase","duration":0.19459999999992306,"failureMessages":[],"meta":{}},{"ancestorTitles":["storeAuthorization — permission matrix"],"fullName":"storeAuthorization — permission matrix matrix consistency: waiter / backupRestore","status":"passed","title":"matrix consistency: waiter / backupRestore","duration":0.16179999999997108,"failureMessages":[],"meta":{}},{"ancestorTitles":["storeAuthorization — permission matrix"],"fullName":"storeAuthorization — permission matrix matrix consistency: waiter / removeProduct","status":"passed","title":"matrix consistency: waiter / removeProduct","duration":0.1329000000000633,"failureMessages":[],"meta":{}},{"ancestorTitles":["storeAuthorization — permission matrix"],"fullName":"storeAuthorization — permission matrix matrix consistency: waiter / recordDayClose","status":"passed","title":"matrix consistency: waiter / recordDayClose","duration":0.13040000000000873,"failureMessages":[],"meta":{}},{"ancestorTitles":["storeAuthorization — permission matrix"],"fullName":"storeAuthorization — permission matrix matrix consistency: waiter / permanentlyDeleteArchived","status":"passed","title":"matrix consistency: waiter / permanentlyDeleteArchived","duration":0.1451000000000704,"failureMessages":[],"meta":{}},{"ancestorTitles":["storeAuthorization — checkStorePermission"],"fullName":"storeAuthorization — checkStorePermission denies when actor is null","status":"passed","title":"denies when actor is null","duration":1.6473000000000866,"failureMessages":[],"meta":{}},{"ancestorTitles":["storeAuthorization — checkStorePermission"],"fullName":"storeAuthorization — checkStorePermission denies cashier stock adjustment","status":"passed","title":"denies cashier stock adjustment","duration":0.38830000000007203,"failureMessages":[],"meta":{}},{"ancestorTitles":["storeAuthorization — checkStorePermission"],"fullName":"storeAuthorization — checkStorePermission allows manager stock adjustment","status":"passed","title":"allows manager stock adjustment","duration":0.320699999999988,"failureMessages":[],"meta":{}},{"ancestorTitles":["storeAuthorization — cashier regression"],"fullName":"storeAuthorization — cashier regression cashier -> stock adjustment denied","status":"passed","title":"cashier -> stock adjustment denied","duration":0.2636999999999716,"failureMessages":[],"meta":{}},{"ancestorTitles":["storeAuthorization — cashier regression"],"fullName":"storeAuthorization — cashier regression cashier -> debt payment denied","status":"passed","title":"cashier -> debt payment denied","duration":0.48099999999999454,"failureMessages":[],"meta":{}},{"ancestorTitles":["storeAuthorization — cashier regression"],"fullName":"storeAuthorization — cashier regression cashier -> product edit denied","status":"passed","title":"cashier -> product edit denied","duration":0.32139999999992597,"failureMessages":[],"meta":{}},{"ancestorTitles":["storeAuthorization — cashier regression"],"fullName":"storeAuthorization — cashier regression cashier -> backup restore denied","status":"passed","title":"cashier -> backup restore denied","duration":0.20239999999989777,"failureMessages":[],"meta":{}}],"startTime":1781044474855,"endTime":1781044474880.3213,"status":"passed","message":"","name":"C:/Projects/pos-waka/src/lib/storeAuthorization.test.ts"},{"assertionResults":[{"ancestorTitles":["usePosStore — cashier mutation regression"],"fullName":"usePosStore — cashier mutation regression cashier adjustStock is denied and does not change stock","status":"passed","title":"cashier adjustStock is denied and does not change stock","duration":7.114999999999782,"failureMessages":[],"meta":{}},{"ancestorTitles":["usePosStore — cashier mutation regression"],"fullName":"usePosStore — cashier mutation regression cashier addDebtPayment fails","status":"passed","title":"cashier addDebtPayment fails","duration":1.554899999999634,"failureMessages":[],"meta":{}},{"ancestorTitles":["usePosStore — cashier mutation regression"],"fullName":"usePosStore — cashier mutation regression cashier finalizeDraftSale with debt is denied","status":"passed","title":"cashier finalizeDraftSale with debt is denied","duration":5.404599999999846,"failureMessages":[],"meta":{}},{"ancestorTitles":["usePosStore — cashier mutation regression"],"fullName":"usePosStore — cashier mutation regression cashier voidCashExpense is denied with auth_forbidden audit","status":"passed","title":"cashier voidCashExpense is denied with auth_forbidden audit","duration":1.879099999999653,"failureMessages":[],"meta":{}},{"ancestorTitles":["usePosStore — cashier mutation regression"],"fullName":"usePosStore — cashier mutation regression cashier updateProduct fails","status":"passed","title":"cashier updateProduct fails","duration":1.8134000000000015,"failureMessages":[],"meta":{}},{"ancestorTitles":["usePosStore — cashier mutation regression"],"fullName":"usePosStore — cashier mutation regression cashier backup restore throws forbidden","status":"passed","title":"cashier backup restore throws forbidden","duration":4.602499999999964,"failureMessages":[],"meta":{}},{"ancestorTitles":["usePosStore — owner mutations allowed"],"fullName":"usePosStore — owner mutations allowed owner adjustStock changes stock","status":"passed","title":"owner adjustStock changes stock","duration":1.7514000000001033,"failureMessages":[],"meta":{}}],"startTime":1781044482297,"endTime":1781044482322.7515,"status":"passed","message":"","name":"C:/Projects/pos-waka/src/lib/storeMutationAuthorization.test.ts"},{"assertionResults":[{"ancestorTitles":["shouldShowFreeUpgradePitch"],"fullName":"shouldShowFreeUpgradePitch shows for free mode and missing subscription","status":"passed","title":"shows for free mode and missing subscription","duration":4.145099999999957,"failureMessages":[],"meta":{}},{"ancestorTitles":["shouldShowFreeUpgradePitch"],"fullName":"shouldShowFreeUpgradePitch hides for active paid plans","status":"passed","title":"hides for active paid plans","duration":0.7824999999999136,"failureMessages":[],"meta":{}},{"ancestorTitles":["shouldShowFreeUpgradePitch"],"fullName":"shouldShowFreeUpgradePitch hides for trial on commercial plan (bootstrap business trial)","status":"passed","title":"hides for trial on commercial plan (bootstrap business trial)","duration":0.6087999999999738,"failureMessages":[],"meta":{}},{"ancestorTitles":["resolveEffectivePlanTier"],"fullName":"resolveEffectivePlanTier grants business tier during business trial","status":"passed","title":"grants business tier during business trial","duration":0.6186000000000149,"failureMessages":[],"meta":{}},{"ancestorTitles":["resolveEffectivePlanTier"],"fullName":"resolveEffectivePlanTier grants starter tier during starter trialing","status":"passed","title":"grants starter tier during starter trialing","duration":0.3730000000000473,"failureMessages":[],"meta":{}},{"ancestorTitles":["resolveEffectivePlanTier"],"fullName":"resolveEffectivePlanTier business trial unlocks owner dashboard for owner role","status":"passed","title":"business trial unlocks owner dashboard for owner role","duration":1.3134000000000015,"failureMessages":[],"meta":{}}],"startTime":1781044481709,"endTime":1781044481717.3135,"status":"passed","message":"","name":"C:/Projects/pos-waka/src/lib/subscriptionEntitlements.test.ts"},{"assertionResults":[{"ancestorTitles":["waiter attribution"],"fullName":"waiter attribution attributes revenue to waiter when cashier settles","status":"passed","title":"attributes revenue to waiter when cashier settles","duration":48.22739999999999,"failureMessages":[],"meta":{}},{"ancestorTitles":["waiter attribution"],"fullName":"waiter attribution attributes revenue to waiter when manager settles","status":"passed","title":"attributes revenue to waiter when manager settles","duration":1.3471000000000686,"failureMessages":[],"meta":{}},{"ancestorTitles":["waiter attribution"],"fullName":"waiter attribution falls back to soldByUserId for legacy sales without waiter metadata","status":"passed","title":"falls back to soldByUserId for legacy sales without waiter metadata","duration":1.2736999999999625,"failureMessages":[],"meta":{}}],"startTime":1781044473880,"endTime":1781044473931.2737,"status":"passed","message":"","name":"C:/Projects/pos-waka/src/lib/waiterAttribution.test.ts"},{"assertionResults":[{"ancestorTitles":["wholesaleExport"],"fullName":"wholesaleExport lists receivable rows","status":"passed","title":"lists receivable rows","duration":6.143900000000031,"failureMessages":[],"meta":{}},{"ancestorTitles":["wholesaleExport"],"fullName":"wholesaleExport exports receivables CSV","status":"passed","title":"exports receivables CSV","duration":0.9055000000000746,"failureMessages":[],"meta":{}},{"ancestorTitles":["wholesaleExport"],"fullName":"wholesaleExport builds receivables PDF","status":"passed","title":"builds receivables PDF","duration":80.36490000000003,"failureMessages":[],"meta":{}},{"ancestorTitles":["wholesaleExport"],"fullName":"wholesaleExport builds debtor list PDF","status":"passed","title":"builds debtor list PDF","duration":4.575900000000047,"failureMessages":[],"meta":{}}],"startTime":1781044471096,"endTime":1781044471188.576,"status":"passed","message":"","name":"C:/Projects/pos-waka/src/lib/wholesaleExport.test.ts"},{"assertionResults":[{"ancestorTitles":["wholesale isolation — mode source of truth"],"fullName":"wholesale isolation — mode source of truth enables wholesale mode only for wholesale business type","status":"passed","title":"enables wholesale mode only for wholesale business type","duration":3.2390000000000327,"failureMessages":[],"meta":{}},{"ancestorTitles":["wholesale isolation — placeholders"],"fullName":"wholesale isolation — placeholders uses wholesale examples in quick add and wizard hints","status":"passed","title":"uses wholesale examples in quick add and wizard hints","duration":1.0139999999998963,"failureMessages":[],"meta":{}},{"ancestorTitles":["wholesale isolation — placeholders"],"fullName":"wholesale isolation — placeholders does not leak pharmacy terminology in wholesale placeholders","status":"passed","title":"does not leak pharmacy terminology in wholesale placeholders","duration":0.6746000000000549,"failureMessages":[],"meta":{}},{"ancestorTitles":["wholesale isolation — placeholders"],"fullName":"wholesale isolation — placeholders does not leak hospitality terminology in wholesale placeholders","status":"passed","title":"does not leak hospitality terminology in wholesale placeholders","duration":0.5140000000001237,"failureMessages":[],"meta":{}},{"ancestorTitles":["wholesale isolation — terminology"],"fullName":"wholesale isolation — terminology maps core labels to wholesale language","status":"passed","title":"maps core labels to wholesale language","duration":0.8776000000000295,"failureMessages":[],"meta":{}},{"ancestorTitles":["wholesale isolation — terminology"],"fullName":"wholesale isolation — terminology retail remains unchanged","status":"passed","title":"retail remains unchanged","duration":0.35799999999994725,"failureMessages":[],"meta":{}},{"ancestorTitles":["wholesale isolation — search aliases"],"fullName":"wholesale isolation — search aliases prioritizes wholesale bulk aliases","status":"passed","title":"prioritizes wholesale bulk aliases","duration":0.6585000000000036,"failureMessages":[],"meta":{}},{"ancestorTitles":["wholesale isolation — search aliases"],"fullName":"wholesale isolation — search aliases excludes pharmacy aliases in wholesale","status":"passed","title":"excludes pharmacy aliases in wholesale","duration":0.6386999999999716,"failureMessages":[],"meta":{}},{"ancestorTitles":["wholesale isolation — search aliases"],"fullName":"wholesale isolation — search aliases excludes hospitality aliases in wholesale","status":"passed","title":"excludes hospitality aliases in wholesale","duration":1.8746000000001004,"failureMessages":[],"meta":{}},{"ancestorTitles":["wholesale isolation — smart product guess"],"fullName":"wholesale isolation — smart product guess guesses crate workflow for soft drinks","status":"passed","title":"guesses crate workflow for soft drinks","duration":1.6541999999999462,"failureMessages":[],"meta":{}},{"ancestorTitles":["wholesale isolation — smart product guess"],"fullName":"wholesale isolation — smart product guess guesses sack workflow for bulk grains","status":"passed","title":"guesses sack workflow for bulk grains","duration":1.2290000000000418,"failureMessages":[],"meta":{}},{"ancestorTitles":["wholesale isolation — starter pack"],"fullName":"wholesale isolation — starter pack contains wholesale-oriented items only","status":"passed","title":"contains wholesale-oriented items only","duration":1.7432000000001153,"failureMessages":[],"meta":{}},{"ancestorTitles":["wholesale isolation — starter pack"],"fullName":"wholesale isolation — starter pack keeps pharmacy and hospitality starter packs unchanged","status":"passed","title":"keeps pharmacy and hospitality starter packs unchanged","duration":0.7826999999999771,"failureMessages":[],"meta":{}},{"ancestorTitles":["wholesale isolation — i18n contract"],"fullName":"wholesale isolation — i18n contract has required wholesale keywords","status":"passed","title":"has required wholesale keywords","duration":0.393100000000004,"failureMessages":[],"meta":{}},{"ancestorTitles":["wholesale isolation — i18n contract"],"fullName":"wholesale isolation — i18n contract keeps forbidden cross-industry words out of wholesale labels","status":"passed","title":"keeps forbidden cross-industry words out of wholesale labels","duration":0.44109999999977845,"failureMessages":[],"meta":{}}],"startTime":1781044478318,"endTime":1781044478335.4412,"status":"passed","message":"","name":"C:/Projects/pos-waka/src/lib/wholesaleIsolation.test.ts"},{"assertionResults":[{"ancestorTitles":["barcodeAdapter"],"fullName":"barcodeAdapter reports safe defaults in non-browser runtime","status":"passed","title":"reports safe defaults in non-browser runtime","duration":3.317299999999932,"failureMessages":[],"meta":{}},{"ancestorTitles":["barcodeAdapter"],"fullName":"barcodeAdapter returns unsupported error for camera when runtime lacks support","status":"passed","title":"returns unsupported error for camera when runtime lacks support","duration":1.2923999999999296,"failureMessages":[],"meta":{}},{"ancestorTitles":["barcodeAdapter"],"fullName":"barcodeAdapter returns unsupported error for hid when runtime lacks window","status":"passed","title":"returns unsupported error for hid when runtime lacks window","duration":0.7956000000000358,"failureMessages":[],"meta":{}}],"startTime":1781044479522,"endTime":1781044479527.7957,"status":"passed","message":"","name":"C:/Projects/pos-waka/src/services/hardware/barcodeAdapter.test.ts"},{"assertionResults":[{"ancestorTitles":["hardware capability snapshot"],"fullName":"hardware capability snapshot returns a complete snapshot shape","status":"passed","title":"returns a complete snapshot shape","duration":3.917799999999943,"failureMessages":[],"meta":{}}],"startTime":1781044482596,"endTime":1781044482599.9177,"status":"passed","message":"","name":"C:/Projects/pos-waka/src/services/hardware/hardwareCapabilities.test.ts"},{"assertionResults":[{"ancestorTitles":["printerAdapter"],"fullName":"printerAdapter reports no native capabilities in non-browser runtime","status":"passed","title":"reports no native capabilities in non-browser runtime","duration":7.145399999999995,"failureMessages":[],"meta":{}},{"ancestorTitles":["printerAdapter"],"fullName":"printerAdapter returns graceful unsupported result when no printer interface exists","status":"passed","title":"returns graceful unsupported result when no printer interface exists","duration":1.0278999999999314,"failureMessages":[],"meta":{}}],"startTime":1781044479744,"endTime":1781044479752.0278,"status":"passed","message":"","name":"C:/Projects/pos-waka/src/services/hardware/printerAdapter.test.ts"},{"assertionResults":[{"ancestorTitles":["printerCapability"],"fullName":"printerCapability reports capability state in vitest (no navigator APIs)","status":"passed","title":"reports capability state in vitest (no navigator APIs)","duration":5.749599999999987,"failureMessages":[],"meta":{}},{"ancestorTitles":["printerCapability"],"fullName":"printerCapability testPrint fails gracefully without hardware","status":"passed","title":"testPrint fails gracefully without hardware","duration":5.044000000000096,"failureMessages":[],"meta":{}}],"startTime":1781044479520,"endTime":1781044479531.044,"status":"passed","message":"","name":"C:/Projects/pos-waka/src/services/hardware/printerCapability.test.ts"}]}